<?xml version="1.0" encoding="UTF-8"?>
<!-- Generated by org.testng.reporters.JUnitXMLReporter -->
<testsuite ignored="0" hostname="DESKTOP-EOQIR34" failures="0" tests="6" name="RegisterButtonTest" time="34.905" errors="0" timestamp="2026-04-28T11:46:16 IST">
  <testcase classname="com.test.test" name="testRegisterButton" time="2.059"/>
  <testcase classname="com.test.test" name="testRegisterButton" time="2.085"/>
  <testcase classname="com.test.test" name="testRegisterButton" time="1.865"/>
  <testcase classname="com.test.test" name="testRegisterButton" time="1.99"/>
  <testcase classname="com.test.test" name="testRegisterButton" time="2.078"/>
  <testcase classname="com.test.test" name="testRegisterButton" time="2.176"/>
</testsuite> <!-- RegisterButtonTest -->
