<?xml version="1.0" encoding="UTF-8"?>
<testng-results ignored="0" total="6" passed="6" failed="0" skipped="0">
  <reporter-output>
  </reporter-output>
  <suite started-at="2026-04-28T11:45:41 IST" name="TestSuite" finished-at="2026-04-28T11:46:16 IST" duration-ms="34905">
    <groups>
    </groups>
    <test started-at="2026-04-28T11:45:41 IST" name="RegisterButtonTest" finished-at="2026-04-28T11:46:16 IST" duration-ms="34905">
      <class name="com.test.test">
        <test-method is-config="true" signature="setup()[pri:0, instance:com.test.test@5276e6b0]" started-at="2026-04-28T11:45:41 IST" name="setup" finished-at="2026-04-28T11:45:46 IST" duration-ms="4407" status="PASS">
          <reporter-output>
          </reporter-output>
        </test-method> <!-- setup -->
        <test-method signature="testRegisterButton(java.lang.String,java.lang.String,java.lang.String,boolean)[pri:0, instance:com.test.test@5276e6b0]" started-at="2026-04-28T11:45:46 IST" name="testRegisterButton" data-provider="formData" finished-at="2026-04-28T11:45:48 IST" duration-ms="2059" status="PASS">
          <params>
            <param index="0">
              <value>
                <![CDATA[Nandhini]]>
              </value>
            </param>
            <param index="1">
              <value>
                <![CDATA[9876543210]]>
              </value>
            </param>
            <param index="2">
              <value>
                <![CDATA[CS2024001]]>
              </value>
            </param>
            <param index="3">
              <value>
                <![CDATA[true]]>
              </value>
            </param>
          </params>
          <reporter-output>
          </reporter-output>
        </test-method> <!-- testRegisterButton -->
        <test-method is-config="true" signature="teardown()[pri:0, instance:com.test.test@5276e6b0]" started-at="2026-04-28T11:45:48 IST" name="teardown" finished-at="2026-04-28T11:45:48 IST" duration-ms="259" status="PASS">
          <reporter-output>
          </reporter-output>
        </test-method> <!-- teardown -->
        <test-method is-config="true" signature="setup()[pri:0, instance:com.test.test@5276e6b0]" started-at="2026-04-28T11:45:48 IST" name="setup" finished-at="2026-04-28T11:45:51 IST" duration-ms="3065" status="PASS">
          <reporter-output>
          </reporter-output>
        </test-method> <!-- setup -->
        <test-method signature="testRegisterButton(java.lang.String,java.lang.String,java.lang.String,boolean)[pri:0, instance:com.test.test@5276e6b0]" started-at="2026-04-28T11:45:51 IST" name="testRegisterButton" data-provider="formData" finished-at="2026-04-28T11:45:53 IST" duration-ms="2085" status="PASS">
          <params>
            <param index="0">
              <value>
                <![CDATA[]]>
              </value>
            </param>
            <param index="1">
              <value>
                <![CDATA[9876543210]]>
              </value>
            </param>
            <param index="2">
              <value>
                <![CDATA[CS2024001]]>
              </value>
            </param>
            <param index="3">
              <value>
                <![CDATA[false]]>
              </value>
            </param>
          </params>
          <reporter-output>
          </reporter-output>
        </test-method> <!-- testRegisterButton -->
        <test-method is-config="true" signature="teardown()[pri:0, instance:com.test.test@5276e6b0]" started-at="2026-04-28T11:45:53 IST" name="teardown" finished-at="2026-04-28T11:45:53 IST" duration-ms="244" status="PASS">
          <reporter-output>
          </reporter-output>
        </test-method> <!-- teardown -->
        <test-method is-config="true" signature="setup()[pri:0, instance:com.test.test@5276e6b0]" started-at="2026-04-28T11:45:53 IST" name="setup" finished-at="2026-04-28T11:45:57 IST" duration-ms="3636" status="PASS">
          <reporter-output>
          </reporter-output>
        </test-method> <!-- setup -->
        <test-method signature="testRegisterButton(java.lang.String,java.lang.String,java.lang.String,boolean)[pri:0, instance:com.test.test@5276e6b0]" started-at="2026-04-28T11:45:57 IST" name="testRegisterButton" data-provider="formData" finished-at="2026-04-28T11:45:59 IST" duration-ms="1865" status="PASS">
          <params>
            <param index="0">
              <value>
                <![CDATA[]]>
              </value>
            </param>
            <param index="1">
              <value>
                <![CDATA[]]>
              </value>
            </param>
            <param index="2">
              <value>
                <![CDATA[CS2024001]]>
              </value>
            </param>
            <param index="3">
              <value>
                <![CDATA[false]]>
              </value>
            </param>
          </params>
          <reporter-output>
          </reporter-output>
        </test-method> <!-- testRegisterButton -->
        <test-method is-config="true" signature="teardown()[pri:0, instance:com.test.test@5276e6b0]" started-at="2026-04-28T11:45:59 IST" name="teardown" finished-at="2026-04-28T11:45:59 IST" duration-ms="312" status="PASS">
          <reporter-output>
          </reporter-output>
        </test-method> <!-- teardown -->
        <test-method is-config="true" signature="setup()[pri:0, instance:com.test.test@5276e6b0]" started-at="2026-04-28T11:45:59 IST" name="setup" finished-at="2026-04-28T11:46:02 IST" duration-ms="3128" status="PASS">
          <reporter-output>
          </reporter-output>
        </test-method> <!-- setup -->
        <test-method signature="testRegisterButton(java.lang.String,java.lang.String,java.lang.String,boolean)[pri:0, instance:com.test.test@5276e6b0]" started-at="2026-04-28T11:46:02 IST" name="testRegisterButton" data-provider="formData" finished-at="2026-04-28T11:46:04 IST" duration-ms="1990" status="PASS">
          <params>
            <param index="0">
              <value>
                <![CDATA[Arjun Kumar]]>
              </value>
            </param>
            <param index="1">
              <value>
                <![CDATA[123]]>
              </value>
            </param>
            <param index="2">
              <value>
                <![CDATA[CS2024001]]>
              </value>
            </param>
            <param index="3">
              <value>
                <![CDATA[false]]>
              </value>
            </param>
          </params>
          <reporter-output>
          </reporter-output>
        </test-method> <!-- testRegisterButton -->
        <test-method is-config="true" signature="teardown()[pri:0, instance:com.test.test@5276e6b0]" started-at="2026-04-28T11:46:04 IST" name="teardown" finished-at="2026-04-28T11:46:05 IST" duration-ms="239" status="PASS">
          <reporter-output>
          </reporter-output>
        </test-method> <!-- teardown -->
        <test-method is-config="true" signature="setup()[pri:0, instance:com.test.test@5276e6b0]" started-at="2026-04-28T11:46:05 IST" name="setup" finished-at="2026-04-28T11:46:08 IST" duration-ms="2860" status="PASS">
          <reporter-output>
          </reporter-output>
        </test-method> <!-- setup -->
        <test-method signature="testRegisterButton(java.lang.String,java.lang.String,java.lang.String,boolean)[pri:0, instance:com.test.test@5276e6b0]" started-at="2026-04-28T11:46:08 IST" name="testRegisterButton" data-provider="formData" finished-at="2026-04-28T11:46:10 IST" duration-ms="2078" status="PASS">
          <params>
            <param index="0">
              <value>
                <![CDATA[Arjun Kumar]]>
              </value>
            </param>
            <param index="1">
              <value>
                <![CDATA[9876543210]]>
              </value>
            </param>
            <param index="2">
              <value>
                <![CDATA[]]>
              </value>
            </param>
            <param index="3">
              <value>
                <![CDATA[false]]>
              </value>
            </param>
          </params>
          <reporter-output>
          </reporter-output>
        </test-method> <!-- testRegisterButton -->
        <test-method is-config="true" signature="teardown()[pri:0, instance:com.test.test@5276e6b0]" started-at="2026-04-28T11:46:10 IST" name="teardown" finished-at="2026-04-28T11:46:10 IST" duration-ms="236" status="PASS">
          <reporter-output>
          </reporter-output>
        </test-method> <!-- teardown -->
        <test-method is-config="true" signature="setup()[pri:0, instance:com.test.test@5276e6b0]" started-at="2026-04-28T11:46:10 IST" name="setup" finished-at="2026-04-28T11:46:14 IST" duration-ms="3746" status="PASS">
          <reporter-output>
          </reporter-output>
        </test-method> <!-- setup -->
        <test-method signature="testRegisterButton(java.lang.String,java.lang.String,java.lang.String,boolean)[pri:0, instance:com.test.test@5276e6b0]" started-at="2026-04-28T11:46:14 IST" name="testRegisterButton" data-provider="formData" finished-at="2026-04-28T11:46:16 IST" duration-ms="2176" status="PASS">
          <params>
            <param index="0">
              <value>
                <![CDATA[]]>
              </value>
            </param>
            <param index="1">
              <value>
                <![CDATA[]]>
              </value>
            </param>
            <param index="2">
              <value>
                <![CDATA[]]>
              </value>
            </param>
            <param index="3">
              <value>
                <![CDATA[false]]>
              </value>
            </param>
          </params>
          <reporter-output>
          </reporter-output>
        </test-method> <!-- testRegisterButton -->
        <test-method is-config="true" signature="teardown()[pri:0, instance:com.test.test@5276e6b0]" started-at="2026-04-28T11:46:16 IST" name="teardown" finished-at="2026-04-28T11:46:16 IST" duration-ms="429" status="PASS">
          <reporter-output>
          </reporter-output>
        </test-method> <!-- teardown -->
      </class> <!-- com.test.test -->
    </test> <!-- RegisterButtonTest -->
  </suite> <!-- TestSuite -->
</testng-results>
