<?xml version="1.0" encoding="UTF-8"?>
<!-- Generated by org.testng.reporters.JUnitReportReporter -->
<testsuite hostname="DESKTOP-EOQIR34" failures="0" tests="6" name="com.test.test" time="34.814" errors="0" timestamp="2026-04-28T11:46:18 IST" skipped="0">
  <testcase classname="com.test.test" name="testRegisterButton" time="5.181"/>
  <testcase classname="com.test.test" name="testRegisterButton" time="6.166"/>
  <testcase classname="com.test.test" name="testRegisterButton" time="5.547"/>
  <testcase classname="com.test.test" name="testRegisterButton" time="6.797"/>
  <testcase classname="com.test.test" name="testRegisterButton" time="5.934"/>
  <testcase classname="com.test.test" name="testRegisterButton" time="5.189"/>
</testsuite> <!-- com.test.test -->
